[Sun May 25 15:06:19 HKT 2025] 开始维护流程
正在清理会话文件...
[Sun May 25 15:06:36 HKT 2025] 开始维护流程
正在清理会话文件...
[Sun May 25 15:07:18 HKT 2025] 开始维护流程
正在清理会话文件...
剩余会话文件数：       3
[Sun May 25 15:07:18 HKT 2025] 维护完成
[Sun May 25 15:08:13 HKT 2025] 开始维护流程
正在清理会话文件...
剩余会话文件数：       3
[Sun May 25 15:08:14 HKT 2025] 维护完成
[Sun May 25 22:36:35 CST 2025] 开始维护流程
正在清理会话文件...
剩余会话文件数：       3
[Sun May 25 22:36:35 CST 2025] 维护完成
[Mon May 26 10:58:33 HKT 2025] 开始维护流程
正在清理会话文件...
剩余会话文件数：       3
[Mon May 26 10:58:33 HKT 2025] 维护完成
[Mon May 26 12:26:57 HKT 2025] 开始维护流程
正在清理会话文件...
剩余会话文件数：       5
[Mon May 26 12:26:57 HKT 2025] 维护完成
[Mon May 26 20:15:41 HKT 2025] 开始维护流程
正在清理会话文件...
./flask_sessions/055471893fcaf68e5baf2fb9fe40543c
剩余会话文件数：       4
[Mon May 26 20:15:41 HKT 2025] 维护完成
[Thu May 29 08:25:37 HKT 2025] 开始维护流程
正在清理会话文件...
./flask_sessions/7b9d0ee92161b37b22934ab452621d84
./flask_sessions/e241eccae3c130f6d539cba46c6f3062
./flask_sessions/5fdc04bbaa734515f23bef909a49fd8b
./flask_sessions/cace489a9483760b27901f2226de8cac
./flask_sessions/07bfeee66e37f3a3cb31d26c011d6c09
./flask_sessions/b988704d4351ee4dfc16a1152264e177
剩余会话文件数：       6
[Thu May 29 08:25:37 HKT 2025] 维护完成
